<testsuites name="jest tests" tests="49" failures="0" time="4.634">
  <testsuite name="undefined" errors="0" failures="0" skipped="0" timestamp="2018-12-01T00:37:32" time="1.577" tests="5">
    <testcase classname=" type float returns true when float" name=" type float returns true when float" time="0">
    </testcase>
    <testcase classname=" type float returns false when int" name=" type float returns false when int" time="0">
    </testcase>
    <testcase classname=" type float returns true when bigger than 100" name=" type float returns true when bigger than 100" time="0">
    </testcase>
    <testcase classname=" type float returns true when smaller than 100" name=" type float returns true when smaller than 100" time="0">
    </testcase>
    <testcase classname=" type float returns true when two floats are equal" name=" type float returns true when two floats are equal" time="0">
    </testcase>
  </testsuite>
  <testsuite name="undefined" errors="0" failures="0" skipped="0" timestamp="2018-12-01T00:37:32" time="1.572" tests="9">
    <testcase classname=" type string returns true when a string" name=" type string returns true when a string" time="0.016">
    </testcase>
    <testcase classname=" type string returns false when not string" name=" type string returns false when not string" time="0">
    </testcase>
    <testcase classname=" type string returns true when matches a REGEX" name=" type string returns true when matches a REGEX" time="0">
    </testcase>
    <testcase classname=" type string returns false when doesen&apos;t matches a REGEX" name=" type string returns false when doesen&apos;t matches a REGEX" time="0">
    </testcase>
    <testcase classname=" throws error when test doesn&apos;t exist" name=" throws error when test doesn&apos;t exist" time="0">
    </testcase>
    <testcase classname=" type string returns true when string not empty" name=" type string returns true when string not empty" time="0">
    </testcase>
    <testcase classname=" type string returns false when string empty" name=" type string returns false when string empty" time="0">
    </testcase>
    <testcase classname=" type string returns true when two strings are equal" name=" type string returns true when two strings are equal" time="0">
    </testcase>
    <testcase classname=" type string returns true when string minLength" name=" type string returns true when string minLength" time="0.016">
    </testcase>
  </testsuite>
  <testsuite name="undefined" errors="0" failures="0" skipped="0" timestamp="2018-12-01T00:37:34" time="0.203" tests="6">
    <testcase classname=" returns true when its an array" name=" returns true when its an array" time="0">
    </testcase>
    <testcase classname=" returns true when aray is not empty" name=" returns true when aray is not empty" time="0">
    </testcase>
    <testcase classname=" returns true when all elems verify the rule" name=" returns true when all elems verify the rule" time="0">
    </testcase>
    <testcase classname=" returns true when array contains 3 elems" name=" returns true when array contains 3 elems" time="0">
    </testcase>
    <testcase classname=" returns false when array contains elements that dont match" name=" returns false when array contains elements that dont match" time="0">
    </testcase>
    <testcase classname=" returns true when elements verify the validator" name=" returns true when elements verify the validator" time="0">
    </testcase>
  </testsuite>
  <testsuite name="undefined" errors="0" failures="0" skipped="0" timestamp="2018-12-01T00:37:34" time="0.203" tests="6">
    <testcase classname=" throws error when test doesn&apos;t exist" name=" throws error when test doesn&apos;t exist" time="0.016">
    </testcase>
    <testcase classname=" returns false when not date" name=" returns false when not date" time="0">
    </testcase>
    <testcase classname=" returns true when date is after a specific date" name=" returns true when date is after a specific date" time="0">
    </testcase>
    <testcase classname=" returns true when date is before a specific date" name=" returns true when date is before a specific date" time="0">
    </testcase>
    <testcase classname=" returns true when date is between two dates" name=" returns true when date is between two dates" time="0">
    </testcase>
    <testcase classname=" returns true when two dates are equal" name=" returns true when two dates are equal" time="0">
    </testcase>
  </testsuite>
  <testsuite name="undefined" errors="0" failures="0" skipped="0" timestamp="2018-12-01T00:37:34" time="0.234" tests="3">
    <testcase classname=" adding a custom rule" name=" adding a custom rule" time="0.005">
    </testcase>
    <testcase classname=" throwing when type not exist" name=" throwing when type not exist" time="0.001">
    </testcase>
    <testcase classname=" throwing when type is undefined" name=" throwing when type is undefined" time="0.001">
    </testcase>
  </testsuite>
  <testsuite name="undefined" errors="0" failures="0" skipped="0" timestamp="2018-12-01T00:37:34" time="0.206" tests="2">
    <testcase classname=" test getValFromPath returns 5 path is correct" name=" test getValFromPath returns 5 path is correct" time="0">
    </testcase>
    <testcase classname=" test travers" name=" test travers" time="0">
    </testcase>
  </testsuite>
  <testsuite name="undefined" errors="0" failures="0" skipped="0" timestamp="2018-12-01T00:37:34" time="0.125" tests="15">
    <testcase classname=" type test not int is false" name=" type test not int is false" time="0">
    </testcase>
    <testcase classname=" type test" name=" type test" time="0">
    </testcase>
    <testcase classname=" max is true if &lt; 100" name=" max is true if &lt; 100" time="0">
    </testcase>
    <testcase classname=" max is false if  &gt; 100" name=" max is false if  &gt; 100" time="0">
    </testcase>
    <testcase classname=" equal returns true if 100" name=" equal returns true if 100" time="0">
    </testcase>
    <testcase classname=" custom rulle should return true" name=" custom rulle should return true" time="0">
    </testcase>
    <testcase classname=" custom rulle should return false" name=" custom rulle should return false" time="0">
    </testcase>
    <testcase classname=" mixng rulles returns true" name=" mixng rulles returns true" time="0">
    </testcase>
    <testcase classname=" mixng rulles returns false" name=" mixng rulles returns false" time="0">
    </testcase>
    <testcase classname=" throws error when test doesn&apos;t exist" name=" throws error when test doesn&apos;t exist" time="0">
    </testcase>
    <testcase classname=" returns true if optional set to true and patram undefined" name=" returns true if optional set to true and patram undefined" time="0">
    </testcase>
    <testcase classname=" returns false if optional set to true and patram dont match" name=" returns false if optional set to true and patram dont match" time="0">
    </testcase>
    <testcase classname=" returns true if optional set to true and patram match" name=" returns true if optional set to true and patram match" time="0">
    </testcase>
    <testcase classname=" returns true if optional set to false and patram match" name=" returns true if optional set to false and patram match" time="0">
    </testcase>
    <testcase classname=" returns false if optional set to false and patram dont match" name=" returns false if optional set to false and patram dont match" time="0">
    </testcase>
  </testsuite>
  <testsuite name="undefined" errors="0" failures="0" skipped="0" timestamp="2018-12-01T00:37:32" time="2.497" tests="3">
    <testcase classname=" test the hole object to be true" name=" test the hole object to be true" time="0.016">
    </testcase>
    <testcase classname=" test the hole object to be false" name=" test the hole object to be false" time="0">
    </testcase>
    <testcase classname=" test custom" name=" test custom" time="0">
    </testcase>
  </testsuite>
</testsuites>