<testsuites name="jest tests" tests="9" failures="0" time="4.747">
  <testsuite name="undefined" errors="0" failures="0" skipped="0" timestamp="2018-11-30T23:49:55" time="1.804" tests="3">
    <testcase classname=" adding a custom rule" name=" adding a custom rule" time="0">
    </testcase>
    <testcase classname=" throwing when type not exist" name=" throwing when type not exist" time="0">
    </testcase>
    <testcase classname=" throwing when type is undefined" name=" throwing when type is undefined" time="0.016">
    </testcase>
  </testsuite>
  <testsuite name="undefined" errors="0" failures="0" skipped="0" timestamp="2018-11-30T23:49:55" time="1.782" tests="6">
    <testcase classname=" returns true when its an array" name=" returns true when its an array" time="0">
    </testcase>
    <testcase classname=" returns true when aray is not empty" name=" returns true when aray is not empty" time="0">
    </testcase>
    <testcase classname=" returns true when all elems verify the rule" name=" returns true when all elems verify the rule" time="0.016">
    </testcase>
    <testcase classname=" returns true when array contains 3 elems" name=" returns true when array contains 3 elems" time="0">
    </testcase>
    <testcase classname=" returns false when array contains elements that dont match" name=" returns false when array contains elements that dont match" time="0">
    </testcase>
    <testcase classname=" returns true when elements verify the validator" name=" returns true when elements verify the validator" time="0">
    </testcase>
  </testsuite>
</testsuites>